{"logTime": "0307/131742", "correlationVector":"hKO6eEQFlcc9B1Sz/sS7j2.1","action":"SyncServerConnectionManagerRequest", "result":"SYNC_SERVER_OK", "context":{"environment":"Prod_southindia_prod-s01-004-apac-southindia", "migrationStage":"NotStarted", "server":"akswtt01000003i"}}
{"logTime": "0307/131742", "correlationVector":"hKO6eEQFlcc9B1Sz/sS7j2.2","action":"ProcessGetUpdates", "result":"Done", "context":{"dataType":"Encryption Keys", "deleted":"0", "process_failed_to_decrypt":"0", "process_pending_decryption":"0", "process_success":"1", "total":"1"}}
{"logTime": "0307/131744", "correlationVector":"JVeCLDTebJOtGkHBNWck6h","action":"SyncServerConnectionManagerRequest", "result":"SYNC_SERVER_OK", "context":{"environment":"", "migrationStage":"", "server":""}}
{"logTime": "0307/131744", "correlationVector":"hKO6eEQFlcc9B1Sz/sS7j2","action":"Initial GetUpdates", "result":"", "context":Reason: NEW_CLIENT. cV=hKO6eEQFlcc9B1Sz/sS7j2}
{"logTime": "0307/131744", "correlationVector":"hKO6eEQFlcc9B1Sz/sS7j2.3","action":"GetUpdates Response", "result":"Success", "context":Received 1 update(s). cV=hKO6eEQFlcc9B1Sz/sS7j2.0;server=akswtt01000003i;cloudType=Consumer;environment=Prod_southindia_prod-s01-004-apac-southindia;migrationStage=NotStarted}
{"logTime": "0307/131744", "correlationVector":"IxKFJ2+8Bj7RTQN0Hci6K4","action":"Initial GetUpdates", "result":"", "context":Reason: NEWLY_SUPPORTED_DATATYPE. cV=IxKFJ2+8Bj7RTQN0Hci6K4}
{"logTime": "0307/131747", "correlationVector":"IxKFJ2+8Bj7RTQN0Hci6K4.1","action":"SyncServerConnectionManagerRequest", "result":"SYNC_SERVER_OK", "context":{"environment":"Prod_southindia_prod-s01-004-apac-southindia", "migrationStage":"NotStarted", "server":"akswtt01000001t"}}
{"logTime": "0307/131747", "correlationVector":"IxKFJ2+8Bj7RTQN0Hci6K4.2","action":"ProcessGetUpdates", "result":"Done", "context":{"dataType":"Preferences", "deleted":"0", "process_failed_to_decrypt":"0", "process_pending_decryption":"0", "process_success":"73", "total":"73"}}
{"logTime": "0307/131747", "correlationVector":"IxKFJ2+8Bj7RTQN0Hci6K4.3","action":"ProcessGetUpdates", "result":"Done", "context":{"dataType":"Passwords", "deleted":"29", "process_failed_to_decrypt":"0", "process_pending_decryption":"0", "process_success":"173", "total":"173"}}
{"logTime": "0307/131747", "correlationVector":"IxKFJ2+8Bj7RTQN0Hci6K4.4","action":"ProcessGetUpdates", "result":"Done", "context":{"dataType":"Device Info", "deleted":"0", "process_failed_to_decrypt":"0", "process_pending_decryption":"0", "process_success":"4", "total":"4"}}
{"logTime": "0307/131747", "correlationVector":"IxKFJ2+8Bj7RTQN0Hci6K4.5","action":"GetUpdates Response", "result":"Success", "context":Received 250 update(s). cV=IxKFJ2+8Bj7RTQN0Hci6K4.0;server=akswtt01000001t;cloudType=Consumer;environment=Prod_southindia_prod-s01-004-apac-southindia;migrationStage=NotStarted Some updates remain.}
{"logTime": "0307/131747", "correlationVector":"96nx9c8knffSl54jHRGwN5","action":"Initial GetUpdates", "result":"", "context":Reason: NEWLY_SUPPORTED_DATATYPE. cV=96nx9c8knffSl54jHRGwN5}
{"logTime": "0307/131748", "correlationVector":"96nx9c8knffSl54jHRGwN5.1","action":"SyncServerConnectionManagerRequest", "result":"SYNC_SERVER_OK", "context":{"environment":"Prod_southindia_prod-s01-004-apac-southindia", "migrationStage":"NotStarted", "server":"akswtt01000001t"}}
{"logTime": "0307/131748", "correlationVector":"96nx9c8knffSl54jHRGwN5.2","action":"ProcessGetUpdates", "result":"Done", "context":{"dataType":"Preferences", "deleted":"0", "process_failed_to_decrypt":"0", "process_pending_decryption":"0", "process_success":"10", "total":"10"}}
{"logTime": "0307/131748", "correlationVector":"96nx9c8knffSl54jHRGwN5.3","action":"ProcessGetUpdates", "result":"Done", "context":{"dataType":"Passwords", "deleted":"3", "process_failed_to_decrypt":"0", "process_pending_decryption":"0", "process_success":"25", "total":"25"}}
{"logTime": "0307/131748", "correlationVector":"96nx9c8knffSl54jHRGwN5.4","action":"ProcessGetUpdates", "result":"Done", "context":{"dataType":"Device Info", "deleted":"0", "process_failed_to_decrypt":"0", "process_pending_decryption":"0", "process_success":"1", "total":"1"}}
{"logTime": "0307/131748", "correlationVector":"96nx9c8knffSl54jHRGwN5.5","action":"GetUpdates Response", "result":"Success", "context":Received 36 update(s). cV=96nx9c8knffSl54jHRGwN5.0;server=akswtt01000001t;cloudType=Consumer;environment=Prod_southindia_prod-s01-004-apac-southindia;migrationStage=NotStarted}
{"logTime": "0307/131749", "correlationVector":"OeVeb3FrNw8sJVOILHlgrW","action":"Initial GetUpdates", "result":"", "context":Reason: NEWLY_SUPPORTED_DATATYPE. cV=OeVeb3FrNw8sJVOILHlgrW}
{"logTime": "0307/131749", "correlationVector":"OeVeb3FrNw8sJVOILHlgrW.1","action":"SyncServerConnectionManagerRequest", "result":"SYNC_SERVER_OK", "context":{"environment":"Prod_southindia_prod-s01-004-apac-southindia", "migrationStage":"NotStarted", "server":"akswtt010000003"}}
{"logTime": "0307/131749", "correlationVector":"OeVeb3FrNw8sJVOILHlgrW.2","action":"ProcessGetUpdates", "result":"Done", "context":{"dataType":"Bookmarks", "deleted":"8", "process_failed_to_decrypt":"0", "process_pending_decryption":"0", "process_success":"38", "total":"38"}}
{"logTime": "0307/131749", "correlationVector":"OeVeb3FrNw8sJVOILHlgrW.3","action":"GetUpdates Response", "result":"Success", "context":Received 38 update(s). cV=OeVeb3FrNw8sJVOILHlgrW.0;server=akswtt010000003;cloudType=Consumer;environment=Prod_southindia_prod-s01-004-apac-southindia;migrationStage=NotStarted}
{"logTime": "0307/131749", "correlationVector":"Kc48zfUv2Uj1EPVsVphwc0","action":"Initial GetUpdates", "result":"", "context":Reason: NEWLY_SUPPORTED_DATATYPE. cV=Kc48zfUv2Uj1EPVsVphwc0}
{"logTime": "0307/131752", "correlationVector":"Kc48zfUv2Uj1EPVsVphwc0.1","action":"SyncServerConnectionManagerRequest", "result":"SYNC_SERVER_OK", "context":{"environment":"Prod_southindia_prod-s01-004-apac-southindia", "migrationStage":"NotStarted", "server":"akswtt01000001t"}}
{"logTime": "0307/131752", "correlationVector":"Kc48zfUv2Uj1EPVsVphwc0.2","action":"ProcessGetUpdates", "result":"Done", "context":{"dataType":"Autofill Profiles", "deleted":"0", "process_failed_to_decrypt":"0", "process_pending_decryption":"0", "process_success":"20", "total":"20"}}
{"logTime": "0307/131752", "correlationVector":"Kc48zfUv2Uj1EPVsVphwc0.3","action":"ProcessGetUpdates", "result":"Done", "context":{"dataType":"Autofill", "deleted":"0", "process_failed_to_decrypt":"0", "process_pending_decryption":"0", "process_success":"229", "total":"229"}}
{"logTime": "0307/131752", "correlationVector":"Kc48zfUv2Uj1EPVsVphwc0.4","action":"ProcessGetUpdates", "result":"Done", "context":{"dataType":"Extensions", "deleted":"0", "process_failed_to_decrypt":"0", "process_pending_decryption":"0", "process_success":"1", "total":"1"}}
{"logTime": "0307/131752", "correlationVector":"Kc48zfUv2Uj1EPVsVphwc0.5","action":"GetUpdates Response", "result":"Success", "context":Received 250 update(s). cV=Kc48zfUv2Uj1EPVsVphwc0.0;server=akswtt01000001t;cloudType=Consumer;environment=Prod_southindia_prod-s01-004-apac-southindia;migrationStage=NotStarted Some updates remain.}
{"logTime": "0307/131752", "correlationVector":"wvhBWM3GX04SlELY9yqD2A","action":"Initial GetUpdates", "result":"", "context":Reason: NEWLY_SUPPORTED_DATATYPE. cV=wvhBWM3GX04SlELY9yqD2A}
{"logTime": "0307/131754", "correlationVector":"wvhBWM3GX04SlELY9yqD2A.1","action":"SyncServerConnectionManagerRequest", "result":"SYNC_SERVER_OK", "context":{"environment":"Prod_southindia_prod-s01-004-apac-southindia", "migrationStage":"NotStarted", "server":"akswtt010000026"}}
{"logTime": "0307/131754", "correlationVector":"wvhBWM3GX04SlELY9yqD2A.2","action":"ProcessGetUpdates", "result":"Done", "context":{"dataType":"Autofill", "deleted":"0", "process_failed_to_decrypt":"0", "process_pending_decryption":"0", "process_success":"250", "total":"250"}}
{"logTime": "0307/131754", "correlationVector":"wvhBWM3GX04SlELY9yqD2A.3","action":"GetUpdates Response", "result":"Success", "context":Received 250 update(s). cV=wvhBWM3GX04SlELY9yqD2A.0;server=akswtt010000026;cloudType=Consumer;environment=Prod_southindia_prod-s01-004-apac-southindia;migrationStage=NotStarted Some updates remain.}
{"logTime": "0307/131754", "correlationVector":"A9tixOzLEWtX4V58yzw6di","action":"Initial GetUpdates", "result":"", "context":Reason: NEWLY_SUPPORTED_DATATYPE. cV=A9tixOzLEWtX4V58yzw6di}
{"logTime": "0307/131756", "correlationVector":"A9tixOzLEWtX4V58yzw6di.1","action":"SyncServerConnectionManagerRequest", "result":"SYNC_SERVER_OK", "context":{"environment":"Prod_southindia_prod-s01-004-apac-southindia", "migrationStage":"NotStarted", "server":"akswtt01000001t"}}
{"logTime": "0307/131756", "correlationVector":"A9tixOzLEWtX4V58yzw6di.2","action":"ProcessGetUpdates", "result":"Done", "context":{"dataType":"Autofill", "deleted":"0", "process_failed_to_decrypt":"0", "process_pending_decryption":"0", "process_success":"250", "total":"250"}}
{"logTime": "0307/131756", "correlationVector":"A9tixOzLEWtX4V58yzw6di.3","action":"GetUpdates Response", "result":"Success", "context":Received 250 update(s). cV=A9tixOzLEWtX4V58yzw6di.0;server=akswtt01000001t;cloudType=Consumer;environment=Prod_southindia_prod-s01-004-apac-southindia;migrationStage=NotStarted Some updates remain.}
{"logTime": "0307/131756", "correlationVector":"nL6KmXs7bxtnAaRxfCm+I+","action":"Initial GetUpdates", "result":"", "context":Reason: NEWLY_SUPPORTED_DATATYPE. cV=nL6KmXs7bxtnAaRxfCm+I+}
{"logTime": "0307/131758", "correlationVector":"nL6KmXs7bxtnAaRxfCm+I+.1","action":"SyncServerConnectionManagerRequest", "result":"SYNC_SERVER_OK", "context":{"environment":"Prod_southindia_prod-s01-004-apac-southindia", "migrationStage":"NotStarted", "server":"akswtt01000001i"}}
{"logTime": "0307/131758", "correlationVector":"nL6KmXs7bxtnAaRxfCm+I+.2","action":"ProcessGetUpdates", "result":"Done", "context":{"dataType":"Autofill Profiles", "deleted":"0", "process_failed_to_decrypt":"0", "process_pending_decryption":"0", "process_success":"1", "total":"1"}}
{"logTime": "0307/131758", "correlationVector":"nL6KmXs7bxtnAaRxfCm+I+.3","action":"ProcessGetUpdates", "result":"Done", "context":{"dataType":"Autofill", "deleted":"0", "process_failed_to_decrypt":"0", "process_pending_decryption":"0", "process_success":"249", "total":"249"}}
{"logTime": "0307/131758", "correlationVector":"nL6KmXs7bxtnAaRxfCm+I+.4","action":"GetUpdates Response", "result":"Success", "context":Received 250 update(s). cV=nL6KmXs7bxtnAaRxfCm+I+.0;server=akswtt01000001i;cloudType=Consumer;environment=Prod_southindia_prod-s01-004-apac-southindia;migrationStage=NotStarted Some updates remain.}
{"logTime": "0307/131758", "correlationVector":"Dha1cVrWpsED41f89i1XaR","action":"Initial GetUpdates", "result":"", "context":Reason: NEWLY_SUPPORTED_DATATYPE. cV=Dha1cVrWpsED41f89i1XaR}
{"logTime": "0307/131800", "correlationVector":"Dha1cVrWpsED41f89i1XaR.1","action":"SyncServerConnectionManagerRequest", "result":"SYNC_SERVER_OK", "context":{"environment":"Prod_southindia_prod-s01-004-apac-southindia", "migrationStage":"NotStarted", "server":"akswtt01000001t"}}
{"logTime": "0307/131800", "correlationVector":"Dha1cVrWpsED41f89i1XaR.2","action":"ProcessGetUpdates", "result":"Done", "context":{"dataType":"Autofill Profiles", "deleted":"1", "process_failed_to_decrypt":"0", "process_pending_decryption":"0", "process_success":"8", "total":"8"}}
{"logTime": "0307/131800", "correlationVector":"Dha1cVrWpsED41f89i1XaR.3","action":"ProcessGetUpdates", "result":"Done", "context":{"dataType":"Autofill", "deleted":"0", "process_failed_to_decrypt":"0", "process_pending_decryption":"0", "process_success":"113", "total":"113"}}
{"logTime": "0307/131800", "correlationVector":"Dha1cVrWpsED41f89i1XaR.4","action":"ProcessGetUpdates", "result":"Done", "context":{"dataType":"Sessions", "deleted":"129", "process_failed_to_decrypt":"0", "process_pending_decryption":"0", "process_success":"129", "total":"129"}}
{"logTime": "0307/131800", "correlationVector":"Dha1cVrWpsED41f89i1XaR.5","action":"GetUpdates Response", "result":"Success", "context":Received 250 update(s). cV=Dha1cVrWpsED41f89i1XaR.0;server=akswtt01000001t;cloudType=Consumer;environment=Prod_southindia_prod-s01-004-apac-southindia;migrationStage=NotStarted Some updates remain.}
{"logTime": "0307/131800", "correlationVector":"UY3j3caZksIRpio+dfTh0/","action":"Initial GetUpdates", "result":"", "context":Reason: NEWLY_SUPPORTED_DATATYPE. cV=UY3j3caZksIRpio+dfTh0/}
{"logTime": "0307/131801", "correlationVector":"UY3j3caZksIRpio+dfTh0/.1","action":"SyncServerConnectionManagerRequest", "result":"SYNC_SERVER_OK", "context":{"environment":"Prod_southindia_prod-s01-004-apac-southindia", "migrationStage":"NotStarted", "server":"akswtt01000000j"}}
{"logTime": "0307/131801", "correlationVector":"UY3j3caZksIRpio+dfTh0/.2","action":"ProcessGetUpdates", "result":"Done", "context":{"dataType":"Autofill", "deleted":"0", "process_failed_to_decrypt":"0", "process_pending_decryption":"0", "process_success":"43", "total":"43"}}
{"logTime": "0307/131801", "correlationVector":"UY3j3caZksIRpio+dfTh0/.3","action":"ProcessGetUpdates", "result":"Done", "context":{"dataType":"Sessions", "deleted":"201", "process_failed_to_decrypt":"0", "process_pending_decryption":"0", "process_success":"201", "total":"201"}}
{"logTime": "0307/131801", "correlationVector":"UY3j3caZksIRpio+dfTh0/.4","action":"ProcessGetUpdates", "result":"Done", "context":{"dataType":"Edge Hub App Usage", "deleted":"1", "process_failed_to_decrypt":"0", "process_pending_decryption":"0", "process_success":"6", "total":"6"}}
{"logTime": "0307/131801", "correlationVector":"UY3j3caZksIRpio+dfTh0/.5","action":"GetUpdates Response", "result":"Success", "context":Received 250 update(s). cV=UY3j3caZksIRpio+dfTh0/.0;server=akswtt01000000j;cloudType=Consumer;environment=Prod_southindia_prod-s01-004-apac-southindia;migrationStage=NotStarted Some updates remain.}
{"logTime": "0307/131801", "correlationVector":"s5k71uYc6e+u6Ab/8V0QeD","action":"Initial GetUpdates", "result":"", "context":Reason: NEWLY_SUPPORTED_DATATYPE. cV=s5k71uYc6e+u6Ab/8V0QeD}
{"logTime": "0307/131802", "correlationVector":"s5k71uYc6e+u6Ab/8V0QeD.1","action":"SyncServerConnectionManagerRequest", "result":"SYNC_SERVER_OK", "context":{"environment":"Prod_southindia_prod-s01-004-apac-southindia", "migrationStage":"NotStarted", "server":"akswtt01000001t"}}
{"logTime": "0307/131802", "correlationVector":"s5k71uYc6e+u6Ab/8V0QeD.2","action":"ProcessGetUpdates", "result":"Done", "context":{"dataType":"Autofill Profiles", "deleted":"0", "process_failed_to_decrypt":"0", "process_pending_decryption":"0", "process_success":"1", "total":"1"}}
{"logTime": "0307/131802", "correlationVector":"s5k71uYc6e+u6Ab/8V0QeD.3","action":"ProcessGetUpdates", "result":"Done", "context":{"dataType":"Autofill", "deleted":"0", "process_failed_to_decrypt":"0", "process_pending_decryption":"0", "process_success":"8", "total":"8"}}
{"logTime": "0307/131802", "correlationVector":"s5k71uYc6e+u6Ab/8V0QeD.4","action":"ProcessGetUpdates", "result":"Done", "context":{"dataType":"Extensions", "deleted":"1", "process_failed_to_decrypt":"0", "process_pending_decryption":"0", "process_success":"1", "total":"1"}}
{"logTime": "0307/131802", "correlationVector":"s5k71uYc6e+u6Ab/8V0QeD.5","action":"ProcessGetUpdates", "result":"Done", "context":{"dataType":"Sessions", "deleted":"232", "process_failed_to_decrypt":"0", "process_pending_decryption":"0", "process_success":"232", "total":"232"}}
{"logTime": "0307/131802", "correlationVector":"s5k71uYc6e+u6Ab/8V0QeD.6","action":"ProcessGetUpdates", "result":"Done", "context":{"dataType":"Extension settings", "deleted":"2", "process_failed_to_decrypt":"0", "process_pending_decryption":"0", "process_success":"2", "total":"2"}}
{"logTime": "0307/131802", "correlationVector":"s5k71uYc6e+u6Ab/8V0QeD.7","action":"ProcessGetUpdates", "result":"Done", "context":{"dataType":"Edge Hub App Usage", "deleted":"3", "process_failed_to_decrypt":"0", "process_pending_decryption":"0", "process_success":"5", "total":"5"}}
{"logTime": "0307/131802", "correlationVector":"s5k71uYc6e+u6Ab/8V0QeD.8","action":"ProcessGetUpdates", "result":"Done", "context":{"dataType":"Edge Tab Group", "deleted":"1", "process_failed_to_decrypt":"0", "process_pending_decryption":"0", "process_success":"1", "total":"1"}}
{"logTime": "0307/131802", "correlationVector":"s5k71uYc6e+u6Ab/8V0QeD.9","action":"GetUpdates Response", "result":"Success", "context":Received 250 update(s). cV=s5k71uYc6e+u6Ab/8V0QeD.0;server=akswtt01000001t;cloudType=Consumer;environment=Prod_southindia_prod-s01-004-apac-southindia;migrationStage=NotStarted Some updates remain.}
{"logTime": "0307/131802", "correlationVector":"XRBXnzdcacUkbE+IwPAZJF","action":"Initial GetUpdates", "result":"", "context":Reason: NEWLY_SUPPORTED_DATATYPE. cV=XRBXnzdcacUkbE+IwPAZJF}
{"logTime": "0307/131804", "correlationVector":"XRBXnzdcacUkbE+IwPAZJF.1","action":"SyncServerConnectionManagerRequest", "result":"SYNC_SERVER_OK", "context":{"environment":"Prod_southindia_prod-s01-004-apac-southindia", "migrationStage":"NotStarted", "server":"akswtt01000001i"}}
{"logTime": "0307/131804", "correlationVector":"XRBXnzdcacUkbE+IwPAZJF.2","action":"ProcessGetUpdates", "result":"Done", "context":{"dataType":"Autofill Profiles", "deleted":"0", "process_failed_to_decrypt":"0", "process_pending_decryption":"0", "process_success":"4", "total":"4"}}
{"logTime": "0307/131804", "correlationVector":"XRBXnzdcacUkbE+IwPAZJF.3","action":"ProcessGetUpdates", "result":"Done", "context":{"dataType":"Autofill", "deleted":"0", "process_failed_to_decrypt":"0", "process_pending_decryption":"0", "process_success":"91", "total":"91"}}
{"logTime": "0307/131804", "correlationVector":"XRBXnzdcacUkbE+IwPAZJF.4","action":"ProcessGetUpdates", "result":"Done", "context":{"dataType":"Sessions", "deleted":"155", "process_failed_to_decrypt":"0", "process_pending_decryption":"0", "process_success":"155", "total":"155"}}
{"logTime": "0307/131804", "correlationVector":"XRBXnzdcacUkbE+IwPAZJF.5","action":"GetUpdates Response", "result":"Success", "context":Received 250 update(s). cV=XRBXnzdcacUkbE+IwPAZJF.0;server=akswtt01000001i;cloudType=Consumer;environment=Prod_southindia_prod-s01-004-apac-southindia;migrationStage=NotStarted Some updates remain.}
{"logTime": "0307/131804", "correlationVector":"bqNYLlNi/6pmAxdIIgXArC","action":"Initial GetUpdates", "result":"", "context":Reason: NEWLY_SUPPORTED_DATATYPE. cV=bqNYLlNi/6pmAxdIIgXArC}
{"logTime": "0307/131806", "correlationVector":"bqNYLlNi/6pmAxdIIgXArC.1","action":"SyncServerConnectionManagerRequest", "result":"SYNC_SERVER_OK", "context":{"environment":"Prod_southindia_prod-s01-004-apac-southindia", "migrationStage":"NotStarted", "server":"akswtt01000000j"}}
{"logTime": "0307/131806", "correlationVector":"bqNYLlNi/6pmAxdIIgXArC.2","action":"ProcessGetUpdates", "result":"Done", "context":{"dataType":"Autofill Profiles", "deleted":"0", "process_failed_to_decrypt":"0", "process_pending_decryption":"0", "process_success":"7", "total":"7"}}
{"logTime": "0307/131806", "correlationVector":"bqNYLlNi/6pmAxdIIgXArC.3","action":"ProcessGetUpdates", "result":"Done", "context":{"dataType":"Autofill", "deleted":"0", "process_failed_to_decrypt":"0", "process_pending_decryption":"0", "process_success":"123", "total":"123"}}
{"logTime": "0307/131806", "correlationVector":"bqNYLlNi/6pmAxdIIgXArC.4","action":"ProcessGetUpdates", "result":"Done", "context":{"dataType":"Sessions", "deleted":"119", "process_failed_to_decrypt":"0", "process_pending_decryption":"0", "process_success":"119", "total":"119"}}
{"logTime": "0307/131806", "correlationVector":"bqNYLlNi/6pmAxdIIgXArC.5","action":"ProcessGetUpdates", "result":"Done", "context":{"dataType":"Edge Hub App Usage", "deleted":"0", "process_failed_to_decrypt":"0", "process_pending_decryption":"0", "process_success":"1", "total":"1"}}
{"logTime": "0307/131806", "correlationVector":"bqNYLlNi/6pmAxdIIgXArC.6","action":"GetUpdates Response", "result":"Success", "context":Received 250 update(s). cV=bqNYLlNi/6pmAxdIIgXArC.0;server=akswtt01000000j;cloudType=Consumer;environment=Prod_southindia_prod-s01-004-apac-southindia;migrationStage=NotStarted Some updates remain.}
{"logTime": "0307/131806", "correlationVector":"ppaVIWsYJXEDLtio08lc+H","action":"Initial GetUpdates", "result":"", "context":Reason: NEWLY_SUPPORTED_DATATYPE. cV=ppaVIWsYJXEDLtio08lc+H}
{"logTime": "0307/131807", "correlationVector":"ppaVIWsYJXEDLtio08lc+H.1","action":"SyncServerConnectionManagerRequest", "result":"SYNC_SERVER_OK", "context":{"environment":"Prod_southindia_prod-s01-004-apac-southindia", "migrationStage":"NotStarted", "server":"akswtt01000001i"}}
{"logTime": "0307/131807", "correlationVector":"ppaVIWsYJXEDLtio08lc+H.2","action":"ProcessGetUpdates", "result":"Done", "context":{"dataType":"Autofill Profiles", "deleted":"0", "process_failed_to_decrypt":"0", "process_pending_decryption":"0", "process_success":"3", "total":"3"}}
{"logTime": "0307/131807", "correlationVector":"ppaVIWsYJXEDLtio08lc+H.3","action":"ProcessGetUpdates", "result":"Done", "context":{"dataType":"Autofill", "deleted":"0", "process_failed_to_decrypt":"0", "process_pending_decryption":"0", "process_success":"56", "total":"56"}}
{"logTime": "0307/131807", "correlationVector":"ppaVIWsYJXEDLtio08lc+H.4","action":"ProcessGetUpdates", "result":"Done", "context":{"dataType":"Sessions", "deleted":"189", "process_failed_to_decrypt":"0", "process_pending_decryption":"0", "process_success":"189", "total":"189"}}
{"logTime": "0307/131807", "correlationVector":"ppaVIWsYJXEDLtio08lc+H.5","action":"ProcessGetUpdates", "result":"Done", "context":{"dataType":"Edge Hub App Usage", "deleted":"1", "process_failed_to_decrypt":"0", "process_pending_decryption":"0", "process_success":"1", "total":"1"}}
{"logTime": "0307/131807", "correlationVector":"ppaVIWsYJXEDLtio08lc+H.6","action":"ProcessGetUpdates", "result":"Done", "context":{"dataType":"Edge Tab Group", "deleted":"1", "process_failed_to_decrypt":"0", "process_pending_decryption":"0", "process_success":"1", "total":"1"}}
{"logTime": "0307/131807", "correlationVector":"ppaVIWsYJXEDLtio08lc+H.7","action":"GetUpdates Response", "result":"Success", "context":Received 250 update(s). cV=ppaVIWsYJXEDLtio08lc+H.0;server=akswtt01000001i;cloudType=Consumer;environment=Prod_southindia_prod-s01-004-apac-southindia;migrationStage=NotStarted Some updates remain.}
{"logTime": "0307/131807", "correlationVector":"dTj7skXiReSt/Rsqzfw5IQ","action":"Initial GetUpdates", "result":"", "context":Reason: NEWLY_SUPPORTED_DATATYPE. cV=dTj7skXiReSt/Rsqzfw5IQ}
{"logTime": "0307/131809", "correlationVector":"dTj7skXiReSt/Rsqzfw5IQ.1","action":"SyncServerConnectionManagerRequest", "result":"SYNC_SERVER_OK", "context":{"environment":"Prod_southindia_prod-s01-004-apac-southindia", "migrationStage":"NotStarted", "server":"akswtt010000026"}}
{"logTime": "0307/131809", "correlationVector":"dTj7skXiReSt/Rsqzfw5IQ.2","action":"ProcessGetUpdates", "result":"Done", "context":{"dataType":"Autofill Profiles", "deleted":"0", "process_failed_to_decrypt":"0", "process_pending_decryption":"0", "process_success":"5", "total":"5"}}
{"logTime": "0307/131809", "correlationVector":"dTj7skXiReSt/Rsqzfw5IQ.3","action":"ProcessGetUpdates", "result":"Done", "context":{"dataType":"Autofill", "deleted":"0", "process_failed_to_decrypt":"0", "process_pending_decryption":"0", "process_success":"47", "total":"47"}}
{"logTime": "0307/131809", "correlationVector":"dTj7skXiReSt/Rsqzfw5IQ.4","action":"ProcessGetUpdates", "result":"Done", "context":{"dataType":"Sessions", "deleted":"198", "process_failed_to_decrypt":"0", "process_pending_decryption":"0", "process_success":"198", "total":"198"}}
{"logTime": "0307/131809", "correlationVector":"dTj7skXiReSt/Rsqzfw5IQ.5","action":"GetUpdates Response", "result":"Success", "context":Received 250 update(s). cV=dTj7skXiReSt/Rsqzfw5IQ.0;server=akswtt010000026;cloudType=Consumer;environment=Prod_southindia_prod-s01-004-apac-southindia;migrationStage=NotStarted Some updates remain.}
{"logTime": "0307/131809", "correlationVector":"fMnEv//fSIbnXrMSEJJzaT","action":"Initial GetUpdates", "result":"", "context":Reason: NEWLY_SUPPORTED_DATATYPE. cV=fMnEv//fSIbnXrMSEJJzaT}
{"logTime": "0307/131810", "correlationVector":"fMnEv//fSIbnXrMSEJJzaT.1","action":"SyncServerConnectionManagerRequest", "result":"SYNC_SERVER_OK", "context":{"environment":"Prod_southindia_prod-s01-004-apac-southindia", "migrationStage":"NotStarted", "server":"akswtt01000001i"}}
{"logTime": "0307/131810", "correlationVector":"fMnEv//fSIbnXrMSEJJzaT.2","action":"ProcessGetUpdates", "result":"Done", "context":{"dataType":"Autofill Profiles", "deleted":"0", "process_failed_to_decrypt":"0", "process_pending_decryption":"0", "process_success":"4", "total":"4"}}
{"logTime": "0307/131810", "correlationVector":"fMnEv//fSIbnXrMSEJJzaT.3","action":"ProcessGetUpdates", "result":"Done", "context":{"dataType":"Autofill", "deleted":"0", "process_failed_to_decrypt":"0", "process_pending_decryption":"0", "process_success":"13", "total":"13"}}
{"logTime": "0307/131810", "correlationVector":"fMnEv//fSIbnXrMSEJJzaT.4","action":"ProcessGetUpdates", "result":"Done", "context":{"dataType":"Sessions", "deleted":"227", "process_failed_to_decrypt":"0", "process_pending_decryption":"0", "process_success":"227", "total":"227"}}
{"logTime": "0307/131810", "correlationVector":"fMnEv//fSIbnXrMSEJJzaT.5","action":"ProcessGetUpdates", "result":"Done", "context":{"dataType":"Edge Hub App Usage", "deleted":"3", "process_failed_to_decrypt":"0", "process_pending_decryption":"0", "process_success":"6", "total":"6"}}
{"logTime": "0307/131810", "correlationVector":"fMnEv//fSIbnXrMSEJJzaT.6","action":"GetUpdates Response", "result":"Success", "context":Received 250 update(s). cV=fMnEv//fSIbnXrMSEJJzaT.0;server=akswtt01000001i;cloudType=Consumer;environment=Prod_southindia_prod-s01-004-apac-southindia;migrationStage=NotStarted Some updates remain.}
{"logTime": "0307/131810", "correlationVector":"YYDw5hMFMxkydQv07yl/IS","action":"Initial GetUpdates", "result":"", "context":Reason: NEWLY_SUPPORTED_DATATYPE. cV=YYDw5hMFMxkydQv07yl/IS}
{"logTime": "0307/131811", "correlationVector":"YYDw5hMFMxkydQv07yl/IS.1","action":"SyncServerConnectionManagerRequest", "result":"SYNC_SERVER_OK", "context":{"environment":"Prod_southindia_prod-s01-004-apac-southindia", "migrationStage":"NotStarted", "server":"akswtt01000001n"}}
{"logTime": "0307/131811", "correlationVector":"YYDw5hMFMxkydQv07yl/IS.2","action":"ProcessGetUpdates", "result":"Done", "context":{"dataType":"Autofill Profiles", "deleted":"1", "process_failed_to_decrypt":"0", "process_pending_decryption":"0", "process_success":"12", "total":"12"}}
{"logTime": "0307/131811", "correlationVector":"YYDw5hMFMxkydQv07yl/IS.3","action":"ProcessGetUpdates", "result":"Done", "context":{"dataType":"Autofill", "deleted":"0", "process_failed_to_decrypt":"0", "process_pending_decryption":"0", "process_success":"37", "total":"37"}}
{"logTime": "0307/131811", "correlationVector":"YYDw5hMFMxkydQv07yl/IS.4","action":"ProcessGetUpdates", "result":"Done", "context":{"dataType":"Extensions", "deleted":"0", "process_failed_to_decrypt":"0", "process_pending_decryption":"0", "process_success":"1", "total":"1"}}
{"logTime": "0307/131811", "correlationVector":"YYDw5hMFMxkydQv07yl/IS.5","action":"ProcessGetUpdates", "result":"Done", "context":{"dataType":"Sessions", "deleted":"200", "process_failed_to_decrypt":"0", "process_pending_decryption":"0", "process_success":"200", "total":"200"}}
{"logTime": "0307/131811", "correlationVector":"YYDw5hMFMxkydQv07yl/IS.6","action":"GetUpdates Response", "result":"Success", "context":Received 250 update(s). cV=YYDw5hMFMxkydQv07yl/IS.0;server=akswtt01000001n;cloudType=Consumer;environment=Prod_southindia_prod-s01-004-apac-southindia;migrationStage=NotStarted Some updates remain.}
{"logTime": "0307/131811", "correlationVector":"e3HkVcKbT+uJXCbylbixDZ","action":"Initial GetUpdates", "result":"", "context":Reason: NEWLY_SUPPORTED_DATATYPE. cV=e3HkVcKbT+uJXCbylbixDZ}
{"logTime": "0307/131811", "correlationVector":"e3HkVcKbT+uJXCbylbixDZ.1","action":"SyncServerConnectionManagerRequest", "result":"SYNC_SERVER_OK", "context":{"environment":"Prod_southindia_prod-s01-004-apac-southindia", "migrationStage":"NotStarted", "server":"akswtt01000001t"}}
{"logTime": "0307/131811", "correlationVector":"e3HkVcKbT+uJXCbylbixDZ.2","action":"ProcessGetUpdates", "result":"Done", "context":{"dataType":"Sessions", "deleted":"29", "process_failed_to_decrypt":"0", "process_pending_decryption":"0", "process_success":"33", "total":"33"}}
{"logTime": "0307/131811", "correlationVector":"e3HkVcKbT+uJXCbylbixDZ.3","action":"GetUpdates Response", "result":"Success", "context":Received 33 update(s). cV=e3HkVcKbT+uJXCbylbixDZ.0;server=akswtt01000001t;cloudType=Consumer;environment=Prod_southindia_prod-s01-004-apac-southindia;migrationStage=NotStarted}
{"logTime": "0307/131812", "correlationVector":"aiW8Yosjb+9TbavQw5wfJT","action":"Initial GetUpdates", "result":"", "context":Reason: NEWLY_SUPPORTED_DATATYPE. cV=aiW8Yosjb+9TbavQw5wfJT}
{"logTime": "0307/131812", "correlationVector":"aiW8Yosjb+9TbavQw5wfJT.1","action":"SyncServerConnectionManagerRequest", "result":"SYNC_SERVER_OK", "context":{"environment":"Prod_southindia_prod-s01-004-apac-southindia", "migrationStage":"NotStarted", "server":"akswtt01000001t"}}
{"logTime": "0307/131812", "correlationVector":"aiW8Yosjb+9TbavQw5wfJT.2","action":"GetUpdates Response", "result":"Success", "context":Received 0 update(s). cV=aiW8Yosjb+9TbavQw5wfJT.0;server=akswtt01000001t;cloudType=Consumer;environment=Prod_southindia_prod-s01-004-apac-southindia;migrationStage=NotStarted}
{"logTime": "0307/131812", "correlationVector":"0p6LZ0913JbpEAswybU2oA","action":"Normal GetUpdate request", "result":"", "context":cV=0p6LZ0913JbpEAswybU2oA
Nudged types: Bookmarks, Preferences, Sessions, Device Info, User Consents
Refresh requested types: Bookmarks, Preferences, Passwords, Autofill Profiles, Autofill, Extensions, Sessions, Extension settings, History Delete Directives, Device Info, User Consents, Send Tab To Self, Web Apps, History, Collection, Edge E Drop, Edge Hub App Usage, Edge Tab Group, Edge Wallet, Encryption Keys}
{"logTime": "0307/131813", "correlationVector":"0p6LZ0913JbpEAswybU2oA.1","action":"SyncServerConnectionManagerRequest", "result":"SYNC_SERVER_OK", "context":{"environment":"Prod_southindia_prod-s01-004-apac-southindia", "migrationStage":"NotStarted", "server":"akswtt01000000j"}}
{"logTime": "0307/131813", "correlationVector":"0p6LZ0913JbpEAswybU2oA.2","action":"ProcessGetUpdates", "result":"Done", "context":{"dataType":"Device Info", "deleted":"0", "process_failed_to_decrypt":"0", "process_pending_decryption":"0", "process_success":"1", "total":"1"}}
{"logTime": "0307/131813", "correlationVector":"0p6LZ0913JbpEAswybU2oA.3","action":"GetUpdates Response", "result":"Success", "context":Received 1 update(s). cV=0p6LZ0913JbpEAswybU2oA.0;server=akswtt01000000j;cloudType=Consumer;environment=Prod_southindia_prod-s01-004-apac-southindia;migrationStage=NotStarted}
{"logTime": "0307/131813", "correlationVector":"NlWJ0hv7+3r2gmzxy8pHmB","action":"Commit Request", "result":"", "context":Item count: 23
Contributing types: Bookmarks, Preferences, Sessions, Device Info, User Consents}
{"logTime": "0307/131815", "correlationVector":"NlWJ0hv7+3r2gmzxy8pHmB.1","action":"SyncServerConnectionManagerRequest", "result":"SYNC_SERVER_OK", "context":{"environment":"Prod_southindia_prod-s01-004-apac-southindia", "migrationStage":"NotStarted", "server":"akswtt01000001t"}}
{"logTime": "0307/131815", "correlationVector":"NlWJ0hv7+3r2gmzxy8pHmB.2","action":"Commit Response", "result":"Success", "context":Result: Success. cV=NlWJ0hv7+3r2gmzxy8pHmB.0;server=akswtt01000001t;cloudType=Consumer;environment=Prod_southindia_prod-s01-004-apac-southindia;migrationStage=NotStarted}
{"logTime": "0307/131902", "correlationVector":"My/xAHiNCO3LAI2pu+Bh7C","action":"Normal GetUpdate request", "result":"", "context":cV=My/xAHiNCO3LAI2pu+Bh7C
Notified types: Device Info, History}
{"logTime": "0307/131904", "correlationVector":"My/xAHiNCO3LAI2pu+Bh7C.1","action":"SyncServerConnectionManagerRequest", "result":"SYNC_SERVER_OK", "context":{"environment":"Prod_southindia_prod-s01-004-apac-southindia", "migrationStage":"NotStarted", "server":"akswtt010000003"}}
{"logTime": "0307/131904", "correlationVector":"My/xAHiNCO3LAI2pu+Bh7C.2","action":"ProcessGetUpdates", "result":"Done", "context":{"dataType":"Bookmarks", "deleted":"0", "process_failed_to_decrypt":"0", "process_pending_decryption":"0", "process_success":"16", "total":"16"}}
{"logTime": "0307/131904", "correlationVector":"My/xAHiNCO3LAI2pu+Bh7C.3","action":"ProcessGetUpdates", "result":"Done", "context":{"dataType":"Preferences", "deleted":"0", "process_failed_to_decrypt":"0", "process_pending_decryption":"0", "process_success":"2", "total":"2"}}
{"logTime": "0307/131904", "correlationVector":"My/xAHiNCO3LAI2pu+Bh7C.4","action":"ProcessGetUpdates", "result":"Done", "context":{"dataType":"Sessions", "deleted":"0", "process_failed_to_decrypt":"0", "process_pending_decryption":"0", "process_success":"4", "total":"4"}}
{"logTime": "0307/131904", "correlationVector":"My/xAHiNCO3LAI2pu+Bh7C.5","action":"ProcessGetUpdates", "result":"Done", "context":{"dataType":"Device Info", "deleted":"0", "process_failed_to_decrypt":"0", "process_pending_decryption":"0", "process_success":"2", "total":"2"}}
{"logTime": "0307/131904", "correlationVector":"My/xAHiNCO3LAI2pu+Bh7C.6","action":"ProcessGetUpdates", "result":"Done", "context":{"dataType":"History", "deleted":"0", "process_failed_to_decrypt":"0", "process_pending_decryption":"0", "process_success":"1", "total":"1"}}
{"logTime": "0307/131904", "correlationVector":"My/xAHiNCO3LAI2pu+Bh7C.7","action":"GetUpdates Response", "result":"Success", "context":Received 25 update(s). cV=My/xAHiNCO3LAI2pu+Bh7C.0;server=akswtt010000003;cloudType=Consumer;environment=Prod_southindia_prod-s01-004-apac-southindia;migrationStage=NotStarted}
{"logTime": "0307/131905", "correlationVector":"unPujzPRcpFnf5CQnNad6F","action":"DoCompareDataConsistency requsted types: ", "result":"Bookmarks, Preferences, Passwords, Extensions, Extension settings, History Delete Directives, Send Tab To Self, Web Apps, History, Collection, Edge E Drop, Edge Tab Group, Edge Wallet, Encryption Keys"}
{"logTime": "0307/131905", "correlationVector":"unPujzPRcpFnf5CQnNad6F.0","action":"CompareDataConsistency result: ", "result":"Compare result: Encryption Keys is consistent. local entities count is: 1 local entities hash is: Vf7D9xbaQHnZeuOf4nPeGRDB5/8="}
{"logTime": "0307/131905", "correlationVector":"unPujzPRcpFnf5CQnNad6F.1","action":"CompareDataConsistency result: ", "result":"Compare result: Bookmarks is consistent. local entities count is: 25 local entities hash is: UHJGwcQeOJPYHHpFyzSxgV2Jea8="}
{"logTime": "0307/131905", "correlationVector":"unPujzPRcpFnf5CQnNad6F.2","action":"CompareDataConsistency result: ", "result":"Compare result: Preferences is consistent. local entities count is: 83 local entities hash is: aPtLJ+Um5hV8rT6P96PozDJ/zXw="}
{"logTime": "0307/131905", "correlationVector":"unPujzPRcpFnf5CQnNad6F.3","action":"CompareDataConsistency result: ", "result":"Compare result: Extensions is consistent. local entities count is: 2 local entities hash is: SkR5kFKekLxY2U2gmuyf9Ik6Nxk="}
{"logTime": "0307/131905", "correlationVector":"unPujzPRcpFnf5CQnNad6F.4","action":"CompareDataConsistency result: ", "result":"Compare result: Extension settings is consistent. local entities count is: 0 local entities hash is: "}
{"logTime": "0307/131905", "correlationVector":"unPujzPRcpFnf5CQnNad6F.5","action":"CompareDataConsistency result: ", "result":"Compare result: History Delete Directives is consistent. local entities count is: 0 local entities hash is: "}
{"logTime": "0307/131905", "correlationVector":"unPujzPRcpFnf5CQnNad6F.6","action":"CompareDataConsistency result: ", "result":"Server did not send this Send Tab To Self local entities count is: 0 local entities hash is: "}
{"logTime": "0307/131905", "correlationVector":"unPujzPRcpFnf5CQnNad6F.7","action":"CompareDataConsistency result: ", "result":"Compare result: Web Apps is consistent. local entities count is: 0 local entities hash is: "}
{"logTime": "0307/131905", "correlationVector":"unPujzPRcpFnf5CQnNad6F.8","action":"CompareDataConsistency result: ", "result":"Server did not send this History local entities count is: 0 local entities hash is: "}
{"logTime": "0307/131905", "correlationVector":"unPujzPRcpFnf5CQnNad6F.9","action":"CompareDataConsistency result: ", "result":"Compare result: Collection is consistent. local entities count is: 0 local entities hash is: "}
{"logTime": "0307/131905", "correlationVector":"unPujzPRcpFnf5CQnNad6F.10","action":"CompareDataConsistency result: ", "result":"Compare result: Edge E Drop is consistent. local entities count is: 0 local entities hash is: "}
{"logTime": "0307/131905", "correlationVector":"unPujzPRcpFnf5CQnNad6F.11","action":"CompareDataConsistency result: ", "result":"Compare result: Edge Tab Group is consistent. local entities count is: 0 local entities hash is: "}
{"logTime": "0307/131905", "correlationVector":"unPujzPRcpFnf5CQnNad6F.12","action":"CompareDataConsistency result: ", "result":"Compare result: Edge Wallet is consistent. local entities count is: 0 local entities hash is: "}
{"logTime": "0307/131905", "correlationVector":"unPujzPRcpFnf5CQnNad6F.13","action":"CompareDataConsistency result: ", "result":"Compare result: Passwords is consistent. local entities count is: 166 local entities hash is: gWemarc7NbXjGJy4s6BdnECun2s="}
{"logTime": "0307/131906", "correlationVector":"","action":"DIAGNOSTIC_REQUEST|v1/diagnosticData/Diagnostic.SendCheckResult()|SUCCESS", "result":""}
{"logTime": "0307/131954", "correlationVector":"Uqz3ug4tC2kvAM5M5jIPCi","action":"Normal GetUpdate request", "result":"", "context":cV=Uqz3ug4tC2kvAM5M5jIPCi
Notified types: Device Info}
{"logTime": "0307/131954", "correlationVector":"Uqz3ug4tC2kvAM5M5jIPCi.1","action":"SyncServerConnectionManagerRequest", "result":"SYNC_SERVER_OK", "context":{"environment":"Prod_southindia_prod-s01-004-apac-southindia", "migrationStage":"NotStarted", "server":"akswtt01000000q"}}
{"logTime": "0307/131954", "correlationVector":"Uqz3ug4tC2kvAM5M5jIPCi.2","action":"ProcessGetUpdates", "result":"Done", "context":{"dataType":"Device Info", "deleted":"0", "process_failed_to_decrypt":"0", "process_pending_decryption":"0", "process_success":"1", "total":"1"}}
{"logTime": "0307/131954", "correlationVector":"Uqz3ug4tC2kvAM5M5jIPCi.3","action":"GetUpdates Response", "result":"Success", "context":Received 1 update(s). cV=Uqz3ug4tC2kvAM5M5jIPCi.0;server=akswtt01000000q;cloudType=Consumer;environment=Prod_southindia_prod-s01-004-apac-southindia;migrationStage=NotStarted}
{"logTime": "0307/132103", "correlationVector":"HhhHvuqEeks6FWR1C362Ip","action":"Normal GetUpdate request", "result":"", "context":cV=HhhHvuqEeks6FWR1C362Ip
Notified types: History}
{"logTime": "0307/132104", "correlationVector":"HhhHvuqEeks6FWR1C362Ip.1","action":"SyncServerConnectionManagerRequest", "result":"SYNC_SERVER_OK", "context":{"environment":"Prod_southindia_prod-s01-004-apac-southindia", "migrationStage":"NotStarted", "server":"akswtt01000002k"}}
{"logTime": "0307/132104", "correlationVector":"HhhHvuqEeks6FWR1C362Ip.2","action":"ProcessGetUpdates", "result":"Done", "context":{"dataType":"Sessions", "deleted":"0", "process_failed_to_decrypt":"0", "process_pending_decryption":"0", "process_success":"2", "total":"2"}}
{"logTime": "0307/132104", "correlationVector":"HhhHvuqEeks6FWR1C362Ip.3","action":"ProcessGetUpdates", "result":"Done", "context":{"dataType":"History", "deleted":"0", "process_failed_to_decrypt":"0", "process_pending_decryption":"0", "process_success":"4", "total":"4"}}
{"logTime": "0307/132104", "correlationVector":"HhhHvuqEeks6FWR1C362Ip.4","action":"GetUpdates Response", "result":"Success", "context":Received 6 update(s). cV=HhhHvuqEeks6FWR1C362Ip.0;server=akswtt01000002k;cloudType=Consumer;environment=Prod_southindia_prod-s01-004-apac-southindia;migrationStage=NotStarted}
{"logTime": "0307/132240", "correlationVector":"oQz3ATuQofXtqm2LGMpTSZ","action":"Normal GetUpdate request", "result":"", "context":cV=oQz3ATuQofXtqm2LGMpTSZ
Notified types: Device Info, History}
{"logTime": "0307/132241", "correlationVector":"oQz3ATuQofXtqm2LGMpTSZ.1","action":"SyncServerConnectionManagerRequest", "result":"SYNC_SERVER_OK", "context":{"environment":"Prod_southindia_prod-s01-004-apac-southindia", "migrationStage":"NotStarted", "server":"akswtt010000003"}}
{"logTime": "0307/132241", "correlationVector":"oQz3ATuQofXtqm2LGMpTSZ.2","action":"ProcessGetUpdates", "result":"Done", "context":{"dataType":"Sessions", "deleted":"0", "process_failed_to_decrypt":"0", "process_pending_decryption":"0", "process_success":"1", "total":"1"}}
{"logTime": "0307/132241", "correlationVector":"oQz3ATuQofXtqm2LGMpTSZ.3","action":"ProcessGetUpdates", "result":"Done", "context":{"dataType":"Device Info", "deleted":"0", "process_failed_to_decrypt":"0", "process_pending_decryption":"0", "process_success":"1", "total":"1"}}
{"logTime": "0307/132241", "correlationVector":"oQz3ATuQofXtqm2LGMpTSZ.4","action":"ProcessGetUpdates", "result":"Done", "context":{"dataType":"History", "deleted":"0", "process_failed_to_decrypt":"0", "process_pending_decryption":"0", "process_success":"3", "total":"3"}}
{"logTime": "0307/132241", "correlationVector":"oQz3ATuQofXtqm2LGMpTSZ.5","action":"GetUpdates Response", "result":"Success", "context":Received 5 update(s). cV=oQz3ATuQofXtqm2LGMpTSZ.0;server=akswtt010000003;cloudType=Consumer;environment=Prod_southindia_prod-s01-004-apac-southindia;migrationStage=NotStarted}
{"logTime": "0307/132421", "correlationVector":"CEXfUMCHz1TJFR8ZYKCzzC","action":"Normal GetUpdate request", "result":"", "context":cV=CEXfUMCHz1TJFR8ZYKCzzC
Notified types: Device Info}
{"logTime": "0307/132422", "correlationVector":"CEXfUMCHz1TJFR8ZYKCzzC.1","action":"SyncServerConnectionManagerRequest", "result":"SYNC_SERVER_OK", "context":{"environment":"Prod_southindia_prod-s01-004-apac-southindia", "migrationStage":"NotStarted", "server":"akswtt01000003a"}}
{"logTime": "0307/132422", "correlationVector":"CEXfUMCHz1TJFR8ZYKCzzC.2","action":"ProcessGetUpdates", "result":"Done", "context":{"dataType":"Sessions", "deleted":"0", "process_failed_to_decrypt":"0", "process_pending_decryption":"0", "process_success":"1", "total":"1"}}
{"logTime": "0307/132422", "correlationVector":"CEXfUMCHz1TJFR8ZYKCzzC.3","action":"ProcessGetUpdates", "result":"Done", "context":{"dataType":"Device Info", "deleted":"0", "process_failed_to_decrypt":"0", "process_pending_decryption":"0", "process_success":"1", "total":"1"}}
{"logTime": "0307/132422", "correlationVector":"CEXfUMCHz1TJFR8ZYKCzzC.4","action":"GetUpdates Response", "result":"Success", "context":Received 2 update(s). cV=CEXfUMCHz1TJFR8ZYKCzzC.0;server=akswtt01000003a;cloudType=Consumer;environment=Prod_southindia_prod-s01-004-apac-southindia;migrationStage=NotStarted}
{"logTime": "0307/132429", "correlationVector":"NC/RVskCDgvTrNCAIRkEjh","action":"Normal GetUpdate request", "result":"", "context":cV=NC/RVskCDgvTrNCAIRkEjh
Notified types: Device Info}
{"logTime": "0307/132430", "correlationVector":"NC/RVskCDgvTrNCAIRkEjh.1","action":"SyncServerConnectionManagerRequest", "result":"SYNC_SERVER_OK", "context":{"environment":"Prod_southindia_prod-s01-004-apac-southindia", "migrationStage":"NotStarted", "server":"akswtt010000000"}}
{"logTime": "0307/132430", "correlationVector":"NC/RVskCDgvTrNCAIRkEjh.2","action":"ProcessGetUpdates", "result":"Done", "context":{"dataType":"Device Info", "deleted":"0", "process_failed_to_decrypt":"0", "process_pending_decryption":"0", "process_success":"1", "total":"1"}}
{"logTime": "0307/132430", "correlationVector":"NC/RVskCDgvTrNCAIRkEjh.3","action":"GetUpdates Response", "result":"Success", "context":Received 1 update(s). cV=NC/RVskCDgvTrNCAIRkEjh.0;server=akswtt010000000;cloudType=Consumer;environment=Prod_southindia_prod-s01-004-apac-southindia;migrationStage=NotStarted}
{"logTime": "0307/132455", "correlationVector":"WWMcrtXAItR+xABt7nDU3G","action":"Normal GetUpdate request", "result":"", "context":cV=WWMcrtXAItR+xABt7nDU3G
Notified types: Device Info}
{"logTime": "0307/132456", "correlationVector":"WWMcrtXAItR+xABt7nDU3G.1","action":"SyncServerConnectionManagerRequest", "result":"SYNC_SERVER_OK", "context":{"environment":"Prod_southindia_prod-s01-004-apac-southindia", "migrationStage":"NotStarted", "server":"akswtt01000000h"}}
{"logTime": "0307/132456", "correlationVector":"WWMcrtXAItR+xABt7nDU3G.2","action":"ProcessGetUpdates", "result":"Done", "context":{"dataType":"Device Info", "deleted":"0", "process_failed_to_decrypt":"0", "process_pending_decryption":"0", "process_success":"1", "total":"1"}}
{"logTime": "0307/132456", "correlationVector":"WWMcrtXAItR+xABt7nDU3G.3","action":"GetUpdates Response", "result":"Success", "context":Received 1 update(s). cV=WWMcrtXAItR+xABt7nDU3G.0;server=akswtt01000000h;cloudType=Consumer;environment=Prod_southindia_prod-s01-004-apac-southindia;migrationStage=NotStarted}
{"logTime": "0307/133412", "correlationVector":"CyCVzMgIs0jtqz4OTDt/Hx.1","action":"SyncServerConnectionManagerRequest", "result":"SYNC_SERVER_OK", "context":{"environment":"Prod_southindia_prod-s01-004-apac-southindia", "migrationStage":"NotStarted", "server":"akswtt01000000m"}}
{"logTime": "0307/133412", "correlationVector":"CyCVzMgIs0jtqz4OTDt/Hx.2","action":"ProcessGetUpdates", "result":"Done", "context":{"dataType":"Encryption Keys", "deleted":"0", "process_failed_to_decrypt":"0", "process_pending_decryption":"0", "process_success":"1", "total":"1"}}
{"logTime": "0307/133413", "correlationVector":"CLv4MwHsat0f/OLyl9cdtN","action":"SyncServerConnectionManagerRequest", "result":"SYNC_SERVER_OK", "context":{"environment":"", "migrationStage":"", "server":""}}
{"logTime": "0307/133414", "correlationVector":"CyCVzMgIs0jtqz4OTDt/Hx","action":"Initial GetUpdates", "result":"", "context":Reason: NEW_CLIENT. cV=CyCVzMgIs0jtqz4OTDt/Hx}
{"logTime": "0307/133414", "correlationVector":"CyCVzMgIs0jtqz4OTDt/Hx.3","action":"GetUpdates Response", "result":"Success", "context":Received 1 update(s). cV=CyCVzMgIs0jtqz4OTDt/Hx.0;server=akswtt01000000m;cloudType=Consumer;environment=Prod_southindia_prod-s01-004-apac-southindia;migrationStage=NotStarted}
{"logTime": "0307/133414", "correlationVector":"7Hkp5X0RlIYBiwJ1MVZoIX","action":"Initial GetUpdates", "result":"", "context":Reason: NEWLY_SUPPORTED_DATATYPE. cV=7Hkp5X0RlIYBiwJ1MVZoIX}
{"logTime": "0307/133415", "correlationVector":"7Hkp5X0RlIYBiwJ1MVZoIX.1","action":"SyncServerConnectionManagerRequest", "result":"SYNC_SERVER_OK", "context":{"environment":"Prod_southindia_prod-s01-004-apac-southindia", "migrationStage":"NotStarted", "server":"akswtt010000016"}}
{"logTime": "0307/133415", "correlationVector":"7Hkp5X0RlIYBiwJ1MVZoIX.2","action":"ProcessGetUpdates", "result":"Done", "context":{"dataType":"Passwords", "deleted":"32", "process_failed_to_decrypt":"0", "process_pending_decryption":"0", "process_success":"198", "total":"198"}}
{"logTime": "0307/133415", "correlationVector":"7Hkp5X0RlIYBiwJ1MVZoIX.3","action":"GetUpdates Response", "result":"Success", "context":Received 198 update(s). cV=7Hkp5X0RlIYBiwJ1MVZoIX.0;server=akswtt010000016;cloudType=Consumer;environment=Prod_southindia_prod-s01-004-apac-southindia;migrationStage=NotStarted}
{"logTime": "0307/133415", "correlationVector":"dL9/6NQNJmtN0eW5+5TTOL","action":"Normal GetUpdate request", "result":"", "context":cV=dL9/6NQNJmtN0eW5+5TTOL
Nudged types: Preferences, Sessions, History
Refresh requested types: Bookmarks, Preferences, Passwords, Autofill Profiles, Autofill, Extensions, Sessions, Extension settings, History Delete Directives, Device Info, User Consents, Send Tab To Self, Web Apps, History, Collection, Edge E Drop, Edge Hub App Usage, Edge Tab Group, Edge Wallet, Encryption Keys}
{"logTime": "0307/133416", "correlationVector":"dL9/6NQNJmtN0eW5+5TTOL.1","action":"SyncServerConnectionManagerRequest", "result":"SYNC_SERVER_OK", "context":{"environment":"Prod_southindia_prod-s01-004-apac-southindia", "migrationStage":"NotStarted", "server":"akswtt010000018"}}
{"logTime": "0307/133416", "correlationVector":"dL9/6NQNJmtN0eW5+5TTOL.2","action":"ProcessGetUpdates", "result":"Done", "context":{"dataType":"Sessions", "deleted":"1", "process_failed_to_decrypt":"0", "process_pending_decryption":"0", "process_success":"5", "total":"5"}}
{"logTime": "0307/133416", "correlationVector":"dL9/6NQNJmtN0eW5+5TTOL.3","action":"ProcessGetUpdates", "result":"Done", "context":{"dataType":"Device Info", "deleted":"0", "process_failed_to_decrypt":"0", "process_pending_decryption":"0", "process_success":"1", "total":"1"}}
{"logTime": "0307/133416", "correlationVector":"dL9/6NQNJmtN0eW5+5TTOL.4","action":"ProcessGetUpdates", "result":"Done", "context":{"dataType":"History", "deleted":"0", "process_failed_to_decrypt":"0", "process_pending_decryption":"0", "process_success":"1", "total":"1"}}
{"logTime": "0307/133416", "correlationVector":"dL9/6NQNJmtN0eW5+5TTOL.5","action":"GetUpdates Response", "result":"Success", "context":Received 7 update(s). cV=dL9/6NQNJmtN0eW5+5TTOL.0;server=akswtt010000018;cloudType=Consumer;environment=Prod_southindia_prod-s01-004-apac-southindia;migrationStage=NotStarted}
{"logTime": "0307/133417", "correlationVector":"NRTbacQ8mIqJNtdSwgw2/F","action":"Commit Request", "result":"", "context":Item count: 5
Contributing types: Preferences, Sessions, History}
{"logTime": "0307/133418", "correlationVector":"NRTbacQ8mIqJNtdSwgw2/F.1","action":"SyncServerConnectionManagerRequest", "result":"SYNC_SERVER_OK", "context":{"environment":"Prod_southindia_prod-s01-004-apac-southindia", "migrationStage":"NotStarted", "server":"akswtt010000018"}}
{"logTime": "0307/133418", "correlationVector":"NRTbacQ8mIqJNtdSwgw2/F.2","action":"Commit Response", "result":"Success", "context":Result: Success. cV=NRTbacQ8mIqJNtdSwgw2/F.0;server=akswtt010000018;cloudType=Consumer;environment=Prod_southindia_prod-s01-004-apac-southindia;migrationStage=NotStarted}
{"logTime": "0307/133418", "correlationVector":"pZiR0GaOYqpy5R14GOZram","action":"Commit Request", "result":"", "context":Item count: 27
Contributing types: Passwords}
{"logTime": "0307/133421", "correlationVector":"pZiR0GaOYqpy5R14GOZram.1","action":"SyncServerConnectionManagerRequest", "result":"SYNC_SERVER_OK", "context":{"environment":"Prod_southindia_prod-s01-004-apac-southindia", "migrationStage":"NotStarted", "server":"akswtt010000016"}}
{"logTime": "0307/133421", "correlationVector":"pZiR0GaOYqpy5R14GOZram.2","action":"Commit Response", "result":"Success", "context":Result: Success. cV=pZiR0GaOYqpy5R14GOZram.0;server=akswtt010000016;cloudType=Consumer;environment=Prod_southindia_prod-s01-004-apac-southindia;migrationStage=NotStarted}
{"logTime": "0307/133427", "correlationVector":"wGlFuvSGuGXaetWslYcags","action":"Commit Request", "result":"", "context":Item count: 4
Contributing types: Preferences, Sessions, History}
{"logTime": "0307/133428", "correlationVector":"wGlFuvSGuGXaetWslYcags.1","action":"SyncServerConnectionManagerRequest", "result":"SYNC_SERVER_OK", "context":{"environment":"Prod_southindia_prod-s01-004-apac-southindia", "migrationStage":"NotStarted", "server":"akswtt01000001y"}}
{"logTime": "0307/133428", "correlationVector":"wGlFuvSGuGXaetWslYcags.2","action":"Commit Response", "result":"Success", "context":Result: Success. cV=wGlFuvSGuGXaetWslYcags.0;server=akswtt01000001y;cloudType=Consumer;environment=Prod_southindia_prod-s01-004-apac-southindia;migrationStage=NotStarted}
{"logTime": "0307/133428", "correlationVector":"wGlFuvSGuGXaetWslYcags.3","action":"Commit.Sessions", "result":"Success", "context":{"id":"482a4129-cabf-4d3b-ad52-5b3155cd114a", "isDeleted":"true", "size":"0", "version":"1741354455696"}}
{"logTime": "0307/133456", "correlationVector":"l2t5jooE2H6S+00o5N9OHV","action":"Normal GetUpdate request", "result":"", "context":cV=l2t5jooE2H6S+00o5N9OHV
Notified types: Device Info, History}
{"logTime": "0307/133457", "correlationVector":"l2t5jooE2H6S+00o5N9OHV.1","action":"SyncServerConnectionManagerRequest", "result":"SYNC_SERVER_OK", "context":{"environment":"Prod_southindia_prod-s01-004-apac-southindia", "migrationStage":"NotStarted", "server":"akswtt01000002p"}}
{"logTime": "0307/133457", "correlationVector":"l2t5jooE2H6S+00o5N9OHV.2","action":"ProcessGetUpdates", "result":"Done", "context":{"dataType":"Preferences", "deleted":"0", "process_failed_to_decrypt":"0", "process_pending_decryption":"0", "process_success":"2", "total":"2"}}
{"logTime": "0307/133457", "correlationVector":"l2t5jooE2H6S+00o5N9OHV.3","action":"ProcessGetUpdates", "result":"Done", "context":{"dataType":"Passwords", "deleted":"0", "process_failed_to_decrypt":"0", "process_pending_decryption":"0", "process_success":"27", "total":"27"}}
{"logTime": "0307/133457", "correlationVector":"l2t5jooE2H6S+00o5N9OHV.4","action":"ProcessGetUpdates", "result":"Done", "context":{"dataType":"Sessions", "deleted":"1", "process_failed_to_decrypt":"0", "process_pending_decryption":"0", "process_success":"5", "total":"5"}}
{"logTime": "0307/133457", "correlationVector":"l2t5jooE2H6S+00o5N9OHV.5","action":"ProcessGetUpdates", "result":"Done", "context":{"dataType":"Device Info", "deleted":"0", "process_failed_to_decrypt":"0", "process_pending_decryption":"0", "process_success":"1", "total":"1"}}
{"logTime": "0307/133457", "correlationVector":"l2t5jooE2H6S+00o5N9OHV.6","action":"ProcessGetUpdates", "result":"Done", "context":{"dataType":"History", "deleted":"0", "process_failed_to_decrypt":"0", "process_pending_decryption":"0", "process_success":"5", "total":"5"}}
{"logTime": "0307/133457", "correlationVector":"l2t5jooE2H6S+00o5N9OHV.7","action":"GetUpdates Response", "result":"Success", "context":Received 40 update(s). cV=l2t5jooE2H6S+00o5N9OHV.0;server=akswtt01000002p;cloudType=Consumer;environment=Prod_southindia_prod-s01-004-apac-southindia;migrationStage=NotStarted}
{"logTime": "0307/133548", "correlationVector":"cdLdoHx64uRxb48NGMtK9Z","action":"Normal GetUpdate request", "result":"", "context":cV=cdLdoHx64uRxb48NGMtK9Z
Notified types: Device Info, History}
{"logTime": "0307/133548", "correlationVector":"cdLdoHx64uRxb48NGMtK9Z.1","action":"SyncServerConnectionManagerRequest", "result":"SYNC_SERVER_OK", "context":{"environment":"Prod_southindia_prod-s01-004-apac-southindia", "migrationStage":"NotStarted", "server":"akswtt01000002l"}}
{"logTime": "0307/133548", "correlationVector":"cdLdoHx64uRxb48NGMtK9Z.2","action":"ProcessGetUpdates", "result":"Done", "context":{"dataType":"Sessions", "deleted":"0", "process_failed_to_decrypt":"0", "process_pending_decryption":"0", "process_success":"1", "total":"1"}}
{"logTime": "0307/133548", "correlationVector":"cdLdoHx64uRxb48NGMtK9Z.3","action":"ProcessGetUpdates", "result":"Done", "context":{"dataType":"Device Info", "deleted":"0", "process_failed_to_decrypt":"0", "process_pending_decryption":"0", "process_success":"1", "total":"1"}}
{"logTime": "0307/133548", "correlationVector":"cdLdoHx64uRxb48NGMtK9Z.4","action":"ProcessGetUpdates", "result":"Done", "context":{"dataType":"History", "deleted":"0", "process_failed_to_decrypt":"0", "process_pending_decryption":"0", "process_success":"2", "total":"2"}}
{"logTime": "0307/133548", "correlationVector":"cdLdoHx64uRxb48NGMtK9Z.5","action":"GetUpdates Response", "result":"Success", "context":Received 4 update(s). cV=cdLdoHx64uRxb48NGMtK9Z.0;server=akswtt01000002l;cloudType=Consumer;environment=Prod_southindia_prod-s01-004-apac-southindia;migrationStage=NotStarted}
{"logTime": "0307/133605", "correlationVector":"mVbxmK6xPIGfpx3XIhHox+","action":"Normal GetUpdate request", "result":"", "context":cV=mVbxmK6xPIGfpx3XIhHox+
Notified types: Device Info}
{"logTime": "0307/133606", "correlationVector":"mVbxmK6xPIGfpx3XIhHox+.1","action":"SyncServerConnectionManagerRequest", "result":"SYNC_SERVER_OK", "context":{"environment":"Prod_southindia_prod-s01-004-apac-southindia", "migrationStage":"NotStarted", "server":"akswtt01000002g"}}
{"logTime": "0307/133606", "correlationVector":"mVbxmK6xPIGfpx3XIhHox+.2","action":"ProcessGetUpdates", "result":"Done", "context":{"dataType":"Device Info", "deleted":"0", "process_failed_to_decrypt":"0", "process_pending_decryption":"0", "process_success":"1", "total":"1"}}
{"logTime": "0307/133606", "correlationVector":"mVbxmK6xPIGfpx3XIhHox+.3","action":"GetUpdates Response", "result":"Success", "context":Received 1 update(s). cV=mVbxmK6xPIGfpx3XIhHox+.0;server=akswtt01000002g;cloudType=Consumer;environment=Prod_southindia_prod-s01-004-apac-southindia;migrationStage=NotStarted}
{"logTime": "0307/133632", "correlationVector":"7sdxdvfYnSF0StXm9LD2jy","action":"Normal GetUpdate request", "result":"", "context":cV=7sdxdvfYnSF0StXm9LD2jy
Notified types: Device Info, History}
{"logTime": "0307/133633", "correlationVector":"7sdxdvfYnSF0StXm9LD2jy.1","action":"SyncServerConnectionManagerRequest", "result":"SYNC_SERVER_OK", "context":{"environment":"Prod_southindia_prod-s01-004-apac-southindia", "migrationStage":"NotStarted", "server":"akswtt01000000i"}}
{"logTime": "0307/133633", "correlationVector":"7sdxdvfYnSF0StXm9LD2jy.2","action":"ProcessGetUpdates", "result":"Done", "context":{"dataType":"Sessions", "deleted":"0", "process_failed_to_decrypt":"0", "process_pending_decryption":"0", "process_success":"1", "total":"1"}}
{"logTime": "0307/133633", "correlationVector":"7sdxdvfYnSF0StXm9LD2jy.3","action":"ProcessGetUpdates", "result":"Done", "context":{"dataType":"Device Info", "deleted":"0", "process_failed_to_decrypt":"0", "process_pending_decryption":"0", "process_success":"1", "total":"1"}}
{"logTime": "0307/133633", "correlationVector":"7sdxdvfYnSF0StXm9LD2jy.4","action":"ProcessGetUpdates", "result":"Done", "context":{"dataType":"History", "deleted":"0", "process_failed_to_decrypt":"0", "process_pending_decryption":"0", "process_success":"2", "total":"2"}}
{"logTime": "0307/133633", "correlationVector":"7sdxdvfYnSF0StXm9LD2jy.5","action":"GetUpdates Response", "result":"Success", "context":Received 4 update(s). cV=7sdxdvfYnSF0StXm9LD2jy.0;server=akswtt01000000i;cloudType=Consumer;environment=Prod_southindia_prod-s01-004-apac-southindia;migrationStage=NotStarted}
{"logTime": "0307/133646", "correlationVector":"bVU76iGTeJLLTvBq8sDzO6","action":"Normal GetUpdate request", "result":"", "context":cV=bVU76iGTeJLLTvBq8sDzO6
Notified types: Device Info}
{"logTime": "0307/133646", "correlationVector":"bVU76iGTeJLLTvBq8sDzO6.1","action":"SyncServerConnectionManagerRequest", "result":"SYNC_SERVER_OK", "context":{"environment":"Prod_southindia_prod-s01-004-apac-southindia", "migrationStage":"NotStarted", "server":"akswtt01000000l"}}
{"logTime": "0307/133646", "correlationVector":"bVU76iGTeJLLTvBq8sDzO6.2","action":"ProcessGetUpdates", "result":"Done", "context":{"dataType":"Device Info", "deleted":"0", "process_failed_to_decrypt":"0", "process_pending_decryption":"0", "process_success":"1", "total":"1"}}
{"logTime": "0307/133646", "correlationVector":"bVU76iGTeJLLTvBq8sDzO6.3","action":"GetUpdates Response", "result":"Success", "context":Received 1 update(s). cV=bVU76iGTeJLLTvBq8sDzO6.0;server=akswtt01000000l;cloudType=Consumer;environment=Prod_southindia_prod-s01-004-apac-southindia;migrationStage=NotStarted}
