2025-03-07 13:17:33.747: [INFO][Sync] Reset engine, reason: 8
2025-03-07 13:17:33.747: [INFO][Sync] Stopped: Bookmarks
2025-03-07 13:17:33.747: [INFO][Sync] Stopped: Preferences
2025-03-07 13:17:33.747: [INFO][Sync] Stopped: Passwords
2025-03-07 13:17:33.747: [INFO][Sync] Stopped: Autofill Profiles
2025-03-07 13:17:33.747: [INFO][Sync] Stopped: Autofill
2025-03-07 13:17:33.747: [INFO][Sync] Stopped: Extensions
2025-03-07 13:17:33.747: [INFO][Sync] Stopped: Sessions
2025-03-07 13:17:33.747: [INFO][Sync] Stopped: Extension settings
2025-03-07 13:17:33.747: [INFO][Sync] Stopped: History Delete Directives
2025-03-07 13:17:33.747: [INFO][Sync] Stopped: Device Info
2025-03-07 13:17:33.747: [INFO][Sync] Stopped: User Consents
2025-03-07 13:17:33.747: [INFO][Sync] Stopped: Send Tab To Self
2025-03-07 13:17:33.747: [INFO][Sync] Stopped: Web Apps
2025-03-07 13:17:33.747: [INFO][Sync] Stopped: History
2025-03-07 13:17:33.747: [INFO][Sync] Stopped: Collection
2025-03-07 13:17:33.747: [INFO][Sync] Stopped: Edge E Drop
2025-03-07 13:17:33.747: [INFO][Sync] Stopped: Edge Hub App Usage
2025-03-07 13:17:33.747: [INFO][Sync] Stopped: Edge Tab Group
2025-03-07 13:17:33.747: [INFO][Sync] Stopped: Edge Wallet
2025-03-07 13:17:33.747: [INFO][Sync] SyncState after authenticated was: NotSignedIn
2025-03-07 13:17:34.373: [INFO][Sync] Reset engine, reason: 8
2025-03-07 13:17:34.373: [INFO][Sync] Stopped: Bookmarks
2025-03-07 13:17:34.373: [INFO][Sync] Stopped: Preferences
2025-03-07 13:17:34.373: [INFO][Sync] Stopped: Passwords
2025-03-07 13:17:34.373: [INFO][Sync] Stopped: Autofill Profiles
2025-03-07 13:17:34.373: [INFO][Sync] Stopped: Autofill
2025-03-07 13:17:34.373: [INFO][Sync] Stopped: Extensions
2025-03-07 13:17:34.373: [INFO][Sync] Stopped: Sessions
2025-03-07 13:17:34.373: [INFO][Sync] Stopped: Extension settings
2025-03-07 13:17:34.373: [INFO][Sync] Stopped: History Delete Directives
2025-03-07 13:17:34.373: [INFO][Sync] Stopped: Device Info
2025-03-07 13:17:34.373: [INFO][Sync] Stopped: User Consents
2025-03-07 13:17:34.373: [INFO][Sync] Stopped: Send Tab To Self
2025-03-07 13:17:34.373: [INFO][Sync] Stopped: Web Apps
2025-03-07 13:17:34.373: [INFO][Sync] Stopped: History
2025-03-07 13:17:34.373: [INFO][Sync] Stopped: Collection
2025-03-07 13:17:34.373: [INFO][Sync] Stopped: Edge E Drop
2025-03-07 13:17:34.373: [INFO][Sync] Stopped: Edge Hub App Usage
2025-03-07 13:17:34.373: [INFO][Sync] Stopped: Edge Tab Group
2025-03-07 13:17:34.373: [INFO][Sync] Stopped: Edge Wallet
2025-03-07 13:17:35.165: [INFO][Sync] Try to start sync engine
2025-03-07 13:17:35.181: [INFO][SyncManagerImpl::NudgeForInitialDownload] Initial download nudge for Encryption Keys
2025-03-07 13:17:35.181: [INFO][SyncEngineBackend::LoadAndConnectNigoriController] Load and connect Nigori controller
2025-03-07 13:17:35.181: [INFO][SyncEngineBackend::DoInitialize] Control Types added: Encryption Keys
2025-03-07 13:17:35.181: [INFO][SyncManagerImpl::ConfigureSyncer] Types to download: Encryption Keys with reason: 3
2025-03-07 13:17:35.181: [INFO][SyncSchedulerImpl::DoConfigurationSyncCycleJob] Configure job was blocked
2025-03-07 13:17:35.748: [INFO][SyncAuthManager::SetLastAuthError] Current auth error: None
2025-03-07 13:17:35.749: [INFO][SyncAuthManager::EdgeLogTokenErrorState] Token error with: None for account type: MSA
2025-03-07 13:17:35.749: [INFO][Sync] Credentials changed for: EdgeSyncScopeNew
2025-03-07 13:17:41.862: [INFO][SyncAuthManager::SetLastAuthError] Current auth error: None
2025-03-07 13:17:41.862: [INFO][SyncAuthManager::EdgeLogTokenErrorState] Token error with: None for account type: MSA
2025-03-07 13:17:41.862: [INFO][Sync] Credentials changed for: EdgeSyncKeyDataScope
2025-03-07 13:17:41.862: [INFO][SyncEngineBackend::DoUpdateKeyDataCredentials] Update key data credentials
2025-03-07 13:17:41.862: [INFO][SyncEngineBackend::DoUpdateCredentials] Update credentials
2025-03-07 13:17:41.862: [INFO][SyncSchedulerImpl::DoConfigurationSyncCycleJob] Blocked types:  and types to download: Encryption Keys
2025-03-07 13:17:43.516: [INFO][Sync] Started DataTypeManager configuration, reason: 4
2025-03-07 13:17:43.516: [INFO][Sync] Configuring for: Bookmarks, Preferences, Passwords, Autofill Profiles, Autofill, Extensions, Sessions, Extension settings, History Delete Directives, Device Info, User Consents, Send Tab To Self, Web Apps, History, Collection, Edge E Drop, Edge Hub App Usage, Edge Tab Group, Edge Wallet, Encryption Keys, reason: 3, current state: 0
2025-03-07 13:17:43.518: [INFO][Sync] Configure, desired: Bookmarks, Preferences, Extensions, Sessions, Extension settings, History Delete Directives, Device Info, User Consents, Send Tab To Self, Web Apps, History, Collection, Edge E Drop, Edge Hub App Usage, Edge Tab Group, Edge Wallet, Encryption Keys; Allow fail: Passwords, Autofill Profiles, Autofill
2025-03-07 13:17:43.518: [INFO][Sync] Loading: Bookmarks
2025-03-07 13:17:43.518: [INFO][Sync] Loading: Preferences
2025-03-07 13:17:43.518: [INFO][Sync] Loading: Extensions
2025-03-07 13:17:43.518: [INFO][Sync] Loading: Sessions
2025-03-07 13:17:43.518: [INFO][Sync] Loading: Extension settings
2025-03-07 13:17:43.518: [INFO][Sync] Loading: History Delete Directives
2025-03-07 13:17:43.518: [INFO][Sync] Loading: Device Info
2025-03-07 13:17:43.518: [INFO][Sync] Loading: User Consents
2025-03-07 13:17:43.518: [INFO][Sync] Loading: Send Tab To Self
2025-03-07 13:17:43.518: [INFO][Sync] Loading: Web Apps
2025-03-07 13:17:43.518: [INFO][Sync] Loading: History
2025-03-07 13:17:43.518: [INFO][Sync] Loading: Collection
2025-03-07 13:17:43.518: [INFO][Sync] Loading: Edge E Drop
2025-03-07 13:17:43.518: [INFO][Sync] Loading: Edge Hub App Usage
2025-03-07 13:17:43.518: [INFO][Sync] Loading: Edge Tab Group
2025-03-07 13:17:43.518: [INFO][Sync] Loading: Edge Wallet
2025-03-07 13:17:43.523: [INFO][Sync] All data types are ready for configure.
2025-03-07 13:17:44.204: [INFO][SyncEngineBackend::DoStartConfiguration] Start configuration
2025-03-07 13:17:44.205: [INFO][Sync] Started DataTypeManager configuration, reason: 5
2025-03-07 13:17:44.205: [INFO][Sync] Configuring for: Bookmarks, Preferences, Passwords, Autofill Profiles, Autofill, Extensions, Sessions, Extension settings, History Delete Directives, Device Info, User Consents, Send Tab To Self, Web Apps, History, Collection, Edge E Drop, Edge Hub App Usage, Edge Tab Group, Edge Wallet, Encryption Keys, reason: 5, current state: 1
2025-03-07 13:17:44.444: [INFO][SyncManagerImpl::NudgeForInitialDownload] Initial download nudge for Bookmarks
2025-03-07 13:17:44.444: [INFO][SyncManagerImpl::NudgeForInitialDownload] Initial download nudge for Preferences
2025-03-07 13:17:44.444: [INFO][SyncManagerImpl::NudgeForInitialDownload] Initial download nudge for Extensions
2025-03-07 13:17:44.444: [INFO][SyncManagerImpl::NudgeForInitialDownload] Initial download nudge for Sessions
2025-03-07 13:17:44.444: [INFO][SyncManagerImpl::NudgeForInitialDownload] Initial download nudge for Extension settings
2025-03-07 13:17:44.444: [INFO][SyncManagerImpl::NudgeForInitialDownload] Initial download nudge for History Delete Directives
2025-03-07 13:17:44.444: [INFO][SyncManagerImpl::NudgeForInitialDownload] Initial download nudge for Device Info
2025-03-07 13:17:44.444: [INFO][SyncManagerImpl::NudgeForInitialDownload] Initial download nudge for Send Tab To Self
2025-03-07 13:17:44.444: [INFO][SyncManagerImpl::NudgeForInitialDownload] Initial download nudge for Web Apps
2025-03-07 13:17:44.444: [INFO][SyncManagerImpl::NudgeForInitialDownload] Initial download nudge for History
2025-03-07 13:17:44.444: [INFO][SyncManagerImpl::NudgeForInitialDownload] Initial download nudge for Collection
2025-03-07 13:17:44.444: [INFO][SyncManagerImpl::NudgeForInitialDownload] Initial download nudge for Edge E Drop
2025-03-07 13:17:44.444: [INFO][SyncManagerImpl::NudgeForInitialDownload] Initial download nudge for Edge Hub App Usage
2025-03-07 13:17:44.444: [INFO][SyncManagerImpl::NudgeForInitialDownload] Initial download nudge for Edge Tab Group
2025-03-07 13:17:44.444: [INFO][SyncManagerImpl::NudgeForInitialDownload] Initial download nudge for Edge Wallet
2025-03-07 13:17:44.444: [INFO][SyncManagerImpl::ConfigureSyncer] Types to download:  with reason: 3
2025-03-07 13:17:44.444: [INFO][SyncEngineBackend::DoFinishConfigureDataTypes] Failed to download types:  and succeeded types: 
2025-03-07 13:17:44.445: [INFO][Sync] ConfigurationDone, failed: , succeeded: , remaining count: 4
2025-03-07 13:17:44.445: [WARN][Sync]     Reconfigure requested while configuration ongoing.
2025-03-07 13:17:44.445: [INFO][Sync] Configuring for: Bookmarks, Preferences, Passwords, Autofill Profiles, Autofill, Extensions, Sessions, Extension settings, History Delete Directives, Device Info, User Consents, Send Tab To Self, Web Apps, History, Collection, Edge E Drop, Edge Hub App Usage, Edge Tab Group, Edge Wallet, Encryption Keys, reason: 5, current state: 2
2025-03-07 13:17:44.445: [INFO][Sync] Configure, desired: Bookmarks, Preferences, Passwords, Autofill Profiles, Autofill, Extensions, Sessions, Extension settings, History Delete Directives, Device Info, User Consents, Send Tab To Self, Web Apps, History, Collection, Edge E Drop, Edge Hub App Usage, Edge Tab Group, Edge Wallet, Encryption Keys; Allow fail: 
2025-03-07 13:17:44.445: [INFO][Sync] Loading: Passwords
2025-03-07 13:17:44.445: [INFO][Sync] Loading: Autofill Profiles
2025-03-07 13:17:44.445: [INFO][Sync] Loading: Autofill
2025-03-07 13:17:44.445: [INFO][Sync] All data types are ready for configure.
2025-03-07 13:17:44.445: [INFO][SyncManagerImpl::NudgeForInitialDownload] Initial download nudge for Passwords
2025-03-07 13:17:44.445: [INFO][SyncManagerImpl::NudgeForInitialDownload] Initial download nudge for Autofill Profiles
2025-03-07 13:17:44.445: [INFO][SyncManagerImpl::NudgeForInitialDownload] Initial download nudge for Autofill
2025-03-07 13:17:44.445: [INFO][SyncManagerImpl::ConfigureSyncer] Types to download:  with reason: 5
2025-03-07 13:17:44.445: [INFO][SyncEngineBackend::DoFinishConfigureDataTypes] Failed to download types:  and succeeded types: 
2025-03-07 13:17:44.445: [INFO][Sync] ConfigurationDone, failed: , succeeded: , remaining count: 4
2025-03-07 13:17:44.445: [INFO][Sync] Prepare to configure types: Preferences, Passwords, Device Info, Send Tab To Self, Edge E Drop, Encryption Keys
2025-03-07 13:17:44.445: [INFO][SyncManagerImpl::ConfigureSyncer] Types to download: Preferences, Passwords, Device Info, Send Tab To Self, Edge E Drop, Encryption Keys with reason: 5
2025-03-07 13:17:44.445: [INFO][SyncSchedulerImpl::DoConfigurationSyncCycleJob] Blocked types:  and types to download: Preferences, Passwords, Device Info, Send Tab To Self, Edge E Drop, Encryption Keys
2025-03-07 13:17:49.056: [INFO][SyncEngineBackend::DoFinishConfigureDataTypes] Failed to download types:  and succeeded types: Preferences, Passwords, Device Info, Send Tab To Self, Edge E Drop, Encryption Keys
2025-03-07 13:17:49.089: [INFO][Sync] ConfigurationDone, failed: , succeeded: Preferences, Passwords, Device Info, Send Tab To Self, Edge E Drop, Encryption Keys, remaining count: 3
2025-03-07 13:17:49.089: [INFO][Sync] Prepare to configure types: Bookmarks, Encryption Keys
2025-03-07 13:17:49.089: [INFO][SyncManagerImpl::ConfigureSyncer] Types to download: Bookmarks, Encryption Keys with reason: 5
2025-03-07 13:17:49.089: [INFO][SyncSchedulerImpl::DoConfigurationSyncCycleJob] Blocked types:  and types to download: Bookmarks, Encryption Keys
2025-03-07 13:17:49.910: [INFO][SyncEngineBackend::DoFinishConfigureDataTypes] Failed to download types:  and succeeded types: Bookmarks, Encryption Keys
2025-03-07 13:17:49.953: [INFO][Sync] ConfigurationDone, failed: , succeeded: Bookmarks, Encryption Keys, remaining count: 2
2025-03-07 13:17:49.953: [INFO][Sync] Prepare to configure types: Autofill Profiles, Autofill, Extensions, Sessions, Extension settings, History Delete Directives, Web Apps, Collection, Edge Hub App Usage, Edge Tab Group, Edge Wallet, Encryption Keys
2025-03-07 13:17:49.953: [INFO][SyncManagerImpl::ConfigureSyncer] Types to download: Autofill Profiles, Autofill, Extensions, Sessions, Extension settings, History Delete Directives, Web Apps, Collection, Edge Hub App Usage, Edge Tab Group, Edge Wallet, Encryption Keys with reason: 5
2025-03-07 13:17:49.954: [INFO][SyncSchedulerImpl::DoConfigurationSyncCycleJob] Blocked types:  and types to download: Autofill Profiles, Autofill, Extensions, Sessions, Extension settings, History Delete Directives, Web Apps, Collection, Edge Hub App Usage, Edge Tab Group, Edge Wallet, Encryption Keys
2025-03-07 13:18:12.322: [INFO][SyncEngineBackend::DoFinishConfigureDataTypes] Failed to download types:  and succeeded types: Autofill Profiles, Autofill, Extensions, Sessions, Extension settings, History Delete Directives, Web Apps, Collection, Edge Hub App Usage, Edge Tab Group, Edge Wallet, Encryption Keys
2025-03-07 13:18:12.324: [INFO][Sync] ConfigurationDone, failed: , succeeded: Autofill Profiles, Autofill, Extensions, Sessions, Extension settings, History Delete Directives, Web Apps, Collection, Edge Hub App Usage, Edge Tab Group, Edge Wallet, Encryption Keys, remaining count: 1
2025-03-07 13:18:12.326: [INFO][Sync] Prepare to configure types: History, Encryption Keys
2025-03-07 13:18:12.326: [INFO][SyncManagerImpl::ConfigureSyncer] Types to download: History, Encryption Keys with reason: 5
2025-03-07 13:18:12.326: [INFO][SyncSchedulerImpl::DoConfigurationSyncCycleJob] Blocked types:  and types to download: History, Encryption Keys
2025-03-07 13:18:12.659: [INFO][SyncEngineBackend::DoFinishConfigureDataTypes] Failed to download types:  and succeeded types: History, Encryption Keys
2025-03-07 13:18:12.673: [INFO][Sync] ConfigurationDone, failed: , succeeded: History, Encryption Keys, remaining count: 0
2025-03-07 13:18:12.684: [INFO][Sync]     Configuration completed, state: 7
2025-03-07 13:18:12.685: [INFO][Sync] Configured DataTypeManager: Ok
2025-03-07 13:18:12.698: [INFO][SyncEngineBackend::DoStartSyncing] Start syncing
2025-03-07 13:28:21.916: [INFO][Sync] Reset engine, reason: 0
2025-03-07 13:28:21.916: [INFO][Sync] Reset engine with reason: 0
2025-03-07 13:34:07.258: [INFO][Sync] SyncState after authenticated was: FeatureCanStart
2025-03-07 13:34:08.153: [INFO][Sync] Try to start sync engine
2025-03-07 13:34:08.155: [INFO][SyncManagerImpl::NudgeForInitialDownload] Initial download nudge for Encryption Keys
2025-03-07 13:34:08.155: [INFO][SyncEngineBackend::LoadAndConnectNigoriController] Load and connect Nigori controller
2025-03-07 13:34:08.155: [INFO][SyncEngineBackend::DoInitialize] Control Types added: Encryption Keys
2025-03-07 13:34:08.155: [INFO][SyncManagerImpl::ConfigureSyncer] Types to download: Encryption Keys with reason: 3
2025-03-07 13:34:08.155: [INFO][SyncSchedulerImpl::DoConfigurationSyncCycleJob] Configure job was blocked
2025-03-07 13:34:08.602: [INFO][SyncAuthManager::SetLastAuthError] Current auth error: None
2025-03-07 13:34:08.602: [INFO][SyncAuthManager::EdgeLogTokenErrorState] Token error with: None for account type: MSA
2025-03-07 13:34:08.602: [INFO][Sync] Credentials changed for: EdgeSyncScopeNew
2025-03-07 13:34:11.201: [INFO][SyncAuthManager::SetLastAuthError] Current auth error: None
2025-03-07 13:34:11.201: [INFO][SyncAuthManager::EdgeLogTokenErrorState] Token error with: None for account type: MSA
2025-03-07 13:34:11.201: [INFO][Sync] Credentials changed for: EdgeSyncKeyDataScope
2025-03-07 13:34:11.201: [INFO][SyncEngineBackend::DoUpdateKeyDataCredentials] Update key data credentials
2025-03-07 13:34:11.201: [INFO][SyncEngineBackend::DoUpdateCredentials] Update credentials
2025-03-07 13:34:11.201: [INFO][SyncSchedulerImpl::DoConfigurationSyncCycleJob] Blocked types:  and types to download: Encryption Keys
2025-03-07 13:34:12.268: [INFO][Sync] Started DataTypeManager configuration, reason: 4
2025-03-07 13:34:12.268: [INFO][Sync] Configuring for: Bookmarks, Preferences, Passwords, Autofill Profiles, Autofill, Extensions, Sessions, Extension settings, History Delete Directives, Device Info, User Consents, Send Tab To Self, Web Apps, History, Collection, Edge E Drop, Edge Hub App Usage, Edge Tab Group, Edge Wallet, Encryption Keys, reason: 4, current state: 0
2025-03-07 13:34:12.285: [INFO][Sync] Configure, desired: Bookmarks, Preferences, Extensions, Sessions, Extension settings, History Delete Directives, Device Info, User Consents, Send Tab To Self, Web Apps, History, Collection, Edge E Drop, Edge Hub App Usage, Edge Tab Group, Edge Wallet, Encryption Keys; Allow fail: Passwords, Autofill Profiles, Autofill
2025-03-07 13:34:12.286: [INFO][Sync] Loading: Bookmarks
2025-03-07 13:34:12.286: [INFO][Sync] Loading: Preferences
2025-03-07 13:34:12.286: [INFO][Sync] Loading: Extensions
2025-03-07 13:34:12.286: [INFO][Sync] Loading: Sessions
2025-03-07 13:34:12.286: [INFO][Sync] Loading: Extension settings
2025-03-07 13:34:12.286: [INFO][Sync] Loading: History Delete Directives
2025-03-07 13:34:12.286: [INFO][Sync] Loading: Device Info
2025-03-07 13:34:12.286: [INFO][Sync] Loading: User Consents
2025-03-07 13:34:12.286: [INFO][Sync] Loading: Send Tab To Self
2025-03-07 13:34:12.286: [INFO][Sync] Loading: Web Apps
2025-03-07 13:34:12.286: [INFO][Sync] Loading: History
2025-03-07 13:34:12.286: [INFO][Sync] Loading: Collection
2025-03-07 13:34:12.286: [INFO][Sync] Loading: Edge E Drop
2025-03-07 13:34:12.286: [INFO][Sync] Loading: Edge Hub App Usage
2025-03-07 13:34:12.286: [INFO][Sync] Loading: Edge Tab Group
2025-03-07 13:34:12.286: [INFO][Sync] Loading: Edge Wallet
2025-03-07 13:34:12.315: [INFO][Sync] All data types are ready for configure.
2025-03-07 13:34:13.991: [INFO][SyncEngineBackend::DoStartConfiguration] Start configuration
2025-03-07 13:34:13.994: [INFO][SyncManagerImpl::ConfigureSyncer] Types to download:  with reason: 4
2025-03-07 13:34:13.994: [INFO][SyncEngineBackend::DoFinishConfigureDataTypes] Failed to download types:  and succeeded types: 
2025-03-07 13:34:13.998: [INFO][Sync] Started DataTypeManager configuration, reason: 5
2025-03-07 13:34:13.999: [INFO][Sync] Configuring for: Bookmarks, Preferences, Passwords, Autofill Profiles, Autofill, Extensions, Sessions, Extension settings, History Delete Directives, Device Info, User Consents, Send Tab To Self, Web Apps, History, Collection, Edge E Drop, Edge Hub App Usage, Edge Tab Group, Edge Wallet, Encryption Keys, reason: 5, current state: 1
2025-03-07 13:34:14.018: [INFO][Sync] ConfigurationDone, failed: , succeeded: , remaining count: 4
2025-03-07 13:34:14.018: [WARN][Sync]     Reconfigure requested while configuration ongoing.
2025-03-07 13:34:14.018: [INFO][Sync] Configuring for: Bookmarks, Preferences, Passwords, Autofill Profiles, Autofill, Extensions, Sessions, Extension settings, History Delete Directives, Device Info, User Consents, Send Tab To Self, Web Apps, History, Collection, Edge E Drop, Edge Hub App Usage, Edge Tab Group, Edge Wallet, Encryption Keys, reason: 5, current state: 2
2025-03-07 13:34:14.019: [INFO][Sync] Configure, desired: Bookmarks, Preferences, Passwords, Autofill Profiles, Autofill, Extensions, Sessions, Extension settings, History Delete Directives, Device Info, User Consents, Send Tab To Self, Web Apps, History, Collection, Edge E Drop, Edge Hub App Usage, Edge Tab Group, Edge Wallet, Encryption Keys; Allow fail: 
2025-03-07 13:34:14.019: [INFO][Sync] Loading: Passwords
2025-03-07 13:34:14.019: [INFO][Sync] Loading: Autofill Profiles
2025-03-07 13:34:14.019: [INFO][Sync] Loading: Autofill
2025-03-07 13:34:14.019: [INFO][Sync] All data types are ready for configure.
2025-03-07 13:34:14.019: [INFO][SyncManagerImpl::NudgeForInitialDownload] Initial download nudge for Passwords
2025-03-07 13:34:14.019: [INFO][SyncManagerImpl::ConfigureSyncer] Types to download:  with reason: 5
2025-03-07 13:34:14.019: [INFO][SyncEngineBackend::DoFinishConfigureDataTypes] Failed to download types:  and succeeded types: 
2025-03-07 13:34:14.024: [INFO][Sync] ConfigurationDone, failed: , succeeded: , remaining count: 4
2025-03-07 13:34:14.024: [INFO][Sync] Prepare to configure types: Passwords, Encryption Keys
2025-03-07 13:34:14.024: [INFO][SyncManagerImpl::ConfigureSyncer] Types to download: Passwords, Encryption Keys with reason: 5
2025-03-07 13:34:14.024: [INFO][SyncSchedulerImpl::DoConfigurationSyncCycleJob] Blocked types:  and types to download: Passwords, Encryption Keys
2025-03-07 13:34:15.754: [INFO][SyncEngineBackend::DoFinishConfigureDataTypes] Failed to download types:  and succeeded types: Passwords, Encryption Keys
2025-03-07 13:34:15.770: [INFO][Sync] ConfigurationDone, failed: , succeeded: Passwords, Encryption Keys, remaining count: 3
2025-03-07 13:34:15.770: [INFO][SyncManagerImpl::ConfigureSyncer] Types to download:  with reason: 5
2025-03-07 13:34:15.770: [INFO][SyncEngineBackend::DoFinishConfigureDataTypes] Failed to download types:  and succeeded types: 
2025-03-07 13:34:15.770: [INFO][Sync] ConfigurationDone, failed: , succeeded: , remaining count: 2
2025-03-07 13:34:15.771: [INFO][SyncManagerImpl::ConfigureSyncer] Types to download:  with reason: 5
2025-03-07 13:34:15.771: [INFO][SyncEngineBackend::DoFinishConfigureDataTypes] Failed to download types:  and succeeded types: 
2025-03-07 13:34:15.776: [INFO][Sync] ConfigurationDone, failed: , succeeded: , remaining count: 1
2025-03-07 13:34:15.798: [INFO][SyncManagerImpl::ConfigureSyncer] Types to download:  with reason: 5
2025-03-07 13:34:15.798: [INFO][SyncEngineBackend::DoFinishConfigureDataTypes] Failed to download types:  and succeeded types: 
2025-03-07 13:34:15.798: [INFO][Sync] ConfigurationDone, failed: , succeeded: , remaining count: 0
2025-03-07 13:34:15.820: [INFO][Sync]     Configuration completed, state: 7
2025-03-07 13:34:15.821: [INFO][Sync] Configured DataTypeManager: Ok
2025-03-07 13:34:15.846: [INFO][SyncEngineBackend::DoStartSyncing] Start syncing
2025-03-07 13:37:17.195: [INFO][Sync] Reset engine, reason: 0
2025-03-07 13:37:17.195: [INFO][Sync] Reset engine with reason: 0
